<?xml version="1.0" encoding="UTF-8"?>
<testsuite xmlns:xsi="http://www.w3.org/2001/XMLSchema-instance" xsi:noNamespaceSchemaLocation="https://maven.apache.org/surefire/maven-surefire-plugin/xsd/surefire-test-report.xsd" name="com.jsystem.qa.qajunit.JunitTest" time="0.163" tests="4" errors="0" skipped="1" failures="0">
  <properties>
[...]
</properties>
  <testcase name="firstTest" classname="com.jsystem.qa.qajunit.JunitTest" time="0">
    <skipped message="bug: import , 1230"/>
    <system-out><![CDATA[
 +-------------------------------------------------------------------------------+
 | WARNING:                                                                      |
 | The junit-platform-surefire-provider has been deprecated and is scheduled to  |
 | be removed in JUnit Platform 1.4. Please use the built-in support in Maven    |
 | Surefire >= 2.22.0 instead.                                                   |
 | » https://junit.org/junit5/docs/current/user-guide/#running-tests-build-maven |
 +-------------------------------------------------------------------------------+

===================BeforeAll===========================
]]></system-out>
  </testcase>
  <testcase name="secondTest" classname="com.jsystem.qa.qajunit.JunitTest" time="0.031"/>
  <testcase name="firstNestedTest" classname="com.jsystem.qa.qajunit.JunitTest$NestedTest" time="0.08"/>
  <testcase name="secondNestedTest" classname="com.jsystem.qa.qajunit.JunitTest$NestedTest" time="0.018"/>
</testsuite>